<?xml version="1.0" encoding="UTF-8"?>
<coverage generated="1594177181502" clover="3.2.0">
  <project timestamp="1594177181503" name="All files">
    <metrics statements="20" coveredstatements="13" conditionals="6" coveredconditionals="0" methods="10" coveredmethods="5" elements="36" coveredelements="18" complexity="0" loc="20" ncloc="20" packages="4" files="4" classes="4"/>
    <package name="components">
      <metrics statements="7" coveredstatements="5" conditionals="0" coveredconditionals="0" methods="4" coveredmethods="2"/>
      <file name="AddExpensePage.js" path="/Users/royce/Desktop/react-projs/expensify/src/components/AddExpensePage.js">
        <metrics statements="7" coveredstatements="5" conditionals="0" coveredconditionals="0" methods="4" coveredmethods="2"/>
        <line num="6" count="1" type="stmt"/>
        <line num="7" count="2" type="stmt"/>
        <line num="14" count="1" type="stmt"/>
        <line num="15" count="1" type="stmt"/>
        <line num="22" count="1" type="stmt"/>
        <line num="23" count="0" type="stmt"/>
        <line num="24" count="0" type="stmt"/>
      </file>
    </package>
    <package name="firebase">
      <metrics statements="3" coveredstatements="3" conditionals="0" coveredconditionals="0" methods="0" coveredmethods="0"/>
      <file name="firebase.js" path="/Users/royce/Desktop/react-projs/expensify/src/firebase/firebase.js">
        <metrics statements="3" coveredstatements="3" conditionals="0" coveredconditionals="0" methods="0" coveredmethods="0"/>
        <line num="4" count="6" type="stmt"/>
        <line num="14" count="6" type="stmt"/>
        <line num="15" count="6" type="stmt"/>
      </file>
    </package>
    <package name="redux.actions">
      <metrics statements="9" coveredstatements="4" conditionals="6" coveredconditionals="0" methods="6" coveredmethods="3"/>
      <file name="expenses.js" path="/Users/royce/Desktop/react-projs/expensify/src/redux/actions/expenses.js">
        <metrics statements="9" coveredstatements="4" conditionals="6" coveredconditionals="0" methods="6" coveredmethods="3"/>
        <line num="6" count="6" type="stmt"/>
        <line num="13" count="6" type="cond" truecount="0" falsecount="1"/>
        <line num="14" count="0" type="stmt"/>
        <line num="15" count="0" type="cond" truecount="0" falsecount="4"/>
        <line num="16" count="0" type="stmt"/>
        <line num="17" count="0" type="stmt"/>
        <line num="21" count="0" type="stmt"/>
        <line num="32" count="6" type="cond" truecount="0" falsecount="1"/>
        <line num="38" count="6" type="stmt"/>
      </file>
    </package>
    <package name="tests.fixtures">
      <metrics statements="1" coveredstatements="1" conditionals="0" coveredconditionals="0" methods="0" coveredmethods="0"/>
      <file name="expenses.js" path="/Users/royce/Desktop/react-projs/expensify/src/tests/fixtures/expenses.js">
        <metrics statements="1" coveredstatements="1" conditionals="0" coveredconditionals="0" methods="0" coveredmethods="0"/>
        <line num="3" count="5" type="stmt"/>
      </file>
    </package>
  </project>
</coverage>
