{"/Users/royce/Desktop/react-projs/expensify/src/components/AddExpensePage.js": {"path":"/Users/royce/Desktop/react-projs/expensify/src/components/AddExpensePage.js","statementMap":{"0":{"start":{"line":6,"column":30},"end":{"line":19,"column":1}},"1":{"start":{"line":7,"column":2},"end":{"line":18,"column":8}},"2":{"start":{"line":14,"column":8},"end":{"line":14,"column":39}},"3":{"start":{"line":15,"column":8},"end":{"line":15,"column":32}},"4":{"start":{"line":22,"column":25},"end":{"line":26,"column":1}},"5":{"start":{"line":23,"column":2},"end":{"line":25,"column":4}},"6":{"start":{"line":24,"column":34},"end":{"line":24,"column":68}}},"fnMap":{"0":{"name":"(anonymous_0)","decl":{"start":{"line":6,"column":30},"end":{"line":6,"column":31}},"loc":{"start":{"line":7,"column":2},"end":{"line":18,"column":8}},"line":7},"1":{"name":"(anonymous_1)","decl":{"start":{"line":10,"column":16},"end":{"line":10,"column":17}},"loc":{"start":{"line":10,"column":29},"end":{"line":16,"column":7}},"line":10},"2":{"name":"(anonymous_2)","decl":{"start":{"line":22,"column":25},"end":{"line":22,"column":26}},"loc":{"start":{"line":22,"column":39},"end":{"line":26,"column":1}},"line":22},"3":{"name":"(anonymous_3)","decl":{"start":{"line":24,"column":21},"end":{"line":24,"column":22}},"loc":{"start":{"line":24,"column":34},"end":{"line":24,"column":68}},"line":24}},"branchMap":{},"s":{"0":1,"1":2,"2":1,"3":1,"4":1,"5":0,"6":0},"f":{"0":2,"1":1,"2":0,"3":0},"b":{},"_coverageSchema":"1a1c01bbd47fc00a2c39e90264f33305004495a9","hash":"1fe88cb1bcef3d231f8911372a09d77327f062ca"}
,"/Users/royce/Desktop/react-projs/expensify/src/firebase/firebase.js": {"path":"/Users/royce/Desktop/react-projs/expensify/src/firebase/firebase.js","statementMap":{"0":{"start":{"line":4,"column":21},"end":{"line":12,"column":1}},"1":{"start":{"line":14,"column":0},"end":{"line":14,"column":39}},"2":{"start":{"line":15,"column":17},"end":{"line":15,"column":36}}},"fnMap":{},"branchMap":{},"s":{"0":6,"1":6,"2":6},"f":{},"b":{},"_coverageSchema":"1a1c01bbd47fc00a2c39e90264f33305004495a9","hash":"469abf4529ae42ec18ee39737c81df31b66861fc"}
,"/Users/royce/Desktop/react-projs/expensify/src/redux/actions/expenses.js": {"path":"/Users/royce/Desktop/react-projs/expensify/src/redux/actions/expenses.js","statementMap":{"0":{"start":{"line":6,"column":26},"end":{"line":9,"column":2}},"1":{"start":{"line":6,"column":40},"end":{"line":9,"column":1}},"2":{"start":{"line":13,"column":31},"end":{"line":29,"column":1}},"3":{"start":{"line":14,"column":2},"end":{"line":28,"column":4}},"4":{"start":{"line":15,"column":63},"end":{"line":15,"column":74}},"5":{"start":{"line":16,"column":20},"end":{"line":16,"column":52}},"6":{"start":{"line":17,"column":4},"end":{"line":27,"column":9}},"7":{"start":{"line":21,"column":8},"end":{"line":26,"column":10}},"8":{"start":{"line":32,"column":29},"end":{"line":35,"column":2}},"9":{"start":{"line":32,"column":47},"end":{"line":35,"column":1}},"10":{"start":{"line":38,"column":27},"end":{"line":42,"column":2}},"11":{"start":{"line":38,"column":45},"end":{"line":42,"column":1}}},"fnMap":{"0":{"name":"(anonymous_0)","decl":{"start":{"line":6,"column":26},"end":{"line":6,"column":27}},"loc":{"start":{"line":6,"column":40},"end":{"line":9,"column":1}},"line":6},"1":{"name":"(anonymous_1)","decl":{"start":{"line":13,"column":31},"end":{"line":13,"column":32}},"loc":{"start":{"line":13,"column":53},"end":{"line":29,"column":1}},"line":13},"2":{"name":"(anonymous_2)","decl":{"start":{"line":14,"column":9},"end":{"line":14,"column":10}},"loc":{"start":{"line":14,"column":23},"end":{"line":28,"column":3}},"line":14},"3":{"name":"(anonymous_3)","decl":{"start":{"line":20,"column":12},"end":{"line":20,"column":13}},"loc":{"start":{"line":20,"column":21},"end":{"line":27,"column":7}},"line":20},"4":{"name":"(anonymous_4)","decl":{"start":{"line":32,"column":29},"end":{"line":32,"column":30}},"loc":{"start":{"line":32,"column":47},"end":{"line":35,"column":1}},"line":32},"5":{"name":"(anonymous_5)","decl":{"start":{"line":38,"column":27},"end":{"line":38,"column":28}},"loc":{"start":{"line":38,"column":45},"end":{"line":42,"column":1}},"line":38}},"branchMap":{"0":{"loc":{"start":{"line":13,"column":32},"end":{"line":13,"column":48}},"type":"default-arg","locations":[{"start":{"line":13,"column":46},"end":{"line":13,"column":48}}],"line":13},"1":{"loc":{"start":{"line":15,"column":12},"end":{"line":15,"column":20}},"type":"default-arg","locations":[{"start":{"line":15,"column":18},"end":{"line":15,"column":20}}],"line":15},"2":{"loc":{"start":{"line":15,"column":22},"end":{"line":15,"column":31}},"type":"default-arg","locations":[{"start":{"line":15,"column":29},"end":{"line":15,"column":31}}],"line":15},"3":{"loc":{"start":{"line":15,"column":33},"end":{"line":15,"column":43}},"type":"default-arg","locations":[{"start":{"line":15,"column":42},"end":{"line":15,"column":43}}],"line":15},"4":{"loc":{"start":{"line":15,"column":45},"end":{"line":15,"column":58}},"type":"default-arg","locations":[{"start":{"line":15,"column":57},"end":{"line":15,"column":58}}],"line":15},"5":{"loc":{"start":{"line":32,"column":30},"end":{"line":32,"column":41}},"type":"default-arg","locations":[{"start":{"line":32,"column":39},"end":{"line":32,"column":41}}],"line":32}},"s":{"0":6,"1":1,"2":6,"3":0,"4":0,"5":0,"6":0,"7":0,"8":6,"9":1,"10":6,"11":1},"f":{"0":1,"1":0,"2":0,"3":0,"4":1,"5":1},"b":{"0":[0],"1":[0],"2":[0],"3":[0],"4":[0],"5":[0]},"_coverageSchema":"1a1c01bbd47fc00a2c39e90264f33305004495a9","hash":"1ed948c56ebdf3b333c7e27afecf474c84bc63fe"}
,"/Users/royce/Desktop/react-projs/expensify/src/tests/fixtures/expenses.js": {"path":"/Users/royce/Desktop/react-projs/expensify/src/tests/fixtures/expenses.js","statementMap":{"0":{"start":{"line":3,"column":17},"end":{"line":25,"column":1}}},"fnMap":{},"branchMap":{},"s":{"0":5},"f":{},"b":{},"_coverageSchema":"1a1c01bbd47fc00a2c39e90264f33305004495a9","hash":"b2f993a517cf572bddb25f6d656269eae6aea112"}
}
