TN:
SF:src/components/AddExpensePage.js
FN:6,(anonymous_0)
FN:10,(anonymous_1)
FN:22,(anonymous_2)
FN:24,(anonymous_3)
FNF:4
FNH:2
FNDA:2,(anonymous_0)
FNDA:1,(anonymous_1)
FNDA:0,(anonymous_2)
FNDA:0,(anonymous_3)
DA:6,1
DA:7,2
DA:14,1
DA:15,1
DA:22,1
DA:23,0
DA:24,0
LF:7
LH:5
BRF:0
BRH:0
end_of_record
TN:
SF:src/firebase/firebase.js
FNF:0
FNH:0
DA:4,6
DA:14,6
DA:15,6
LF:3
LH:3
BRF:0
BRH:0
end_of_record
TN:
SF:src/redux/actions/expenses.js
FN:6,(anonymous_0)
FN:13,(anonymous_1)
FN:14,(anonymous_2)
FN:20,(anonymous_3)
FN:32,(anonymous_4)
FN:38,(anonymous_5)
FNF:6
FNH:3
FNDA:1,(anonymous_0)
FNDA:0,(anonymous_1)
FNDA:0,(anonymous_2)
FNDA:0,(anonymous_3)
FNDA:1,(anonymous_4)
FNDA:1,(anonymous_5)
DA:6,6
DA:13,6
DA:14,0
DA:15,0
DA:16,0
DA:17,0
DA:21,0
DA:32,6
DA:38,6
LF:9
LH:4
BRDA:13,0,0,0
BRDA:15,1,0,0
BRDA:15,2,0,0
BRDA:15,3,0,0
BRDA:15,4,0,0
BRDA:32,5,0,0
BRF:6
BRH:0
end_of_record
TN:
SF:src/tests/fixtures/expenses.js
FNF:0
FNH:0
DA:3,5
LF:1
LH:1
BRF:0
BRH:0
end_of_record
